{
  "cd": {
    "bar": "foo",
    "foo": "crux",
    "crux": "crux",
    "baz": "foo"
  },
  "gh": {
    "bar": "bar",
    "baz": "foo",
    "crux": "baz",
    "foo": "crux"
  },
  "ab": {
    "foo": "crux",
    "crux": "foo",
    "baz": "foo",
    "bar": "baz"
  },
  "hi": {
    "baz": "baz",
    "foo": "crux",
    "crux": "foo",
    "bar": "crux"
  },
  "jk": {
    "bar": "foo",
    "crux": "bar",
    "foo": "baz",
    "baz": "bar"
  },
  "fg": {
    "bar": "foo",
    "crux": "foo",
    "foo": "baz",
    "baz": "baz"
  },
  "bc": {
    "foo": "foo",
    "crux": "bar",
    "bar": "bar",
    "baz": "foo"
  },
  "ij": {
    "baz": "bar",
    "bar": "crux",
    "crux": "crux",
    "foo": "crux"
  },
  "de": {
    "baz": "bar",
    "bar": "bar",
    "crux": "baz",
    "foo": "crux"
  },
  "ef": {
    "foo": "baz",
    "bar": "crux",
    "baz": "bar",
    "crux": "bar"
  }
}